<?xml version="1.0" encoding="UTF-8"?>
<!-- Generated by org.testng.reporters.JUnitReportReporter -->
<testsuite hostname="LAPTOP-418MAC0A" failures="0" tests="1" name="bootcampe.expedia.expedia1" time="46.373" errors="0" timestamp="2023-05-18T16:49:48 EDT" skipped="0">
  <testcase classname="bootcampe.expedia.expedia1" name="f" time="46.373"/>
  <system-out/>
</testsuite> <!-- bootcampe.expedia.expedia1 -->
